{"total": {"lines":{"total":29,"covered":14,"skipped":0,"pct":48.27},"statements":{"total":36,"covered":16,"skipped":0,"pct":44.44},"functions":{"total":10,"covered":5,"skipped":0,"pct":50},"branches":{"total":3,"covered":1,"skipped":0,"pct":33.33},"branchesTrue":{"total":0,"covered":0,"skipped":0,"pct":"Unknown"}}
,"/home/jake/work/personal/merge-queue/src/Env.ts": {"lines":{"total":9,"covered":0,"skipped":0,"pct":0},"functions":{"total":5,"covered":0,"skipped":0,"pct":0},"statements":{"total":13,"covered":0,"skipped":0,"pct":0},"branches":{"total":1,"covered":0,"skipped":0,"pct":0}}
,"/home/jake/work/personal/merge-queue/src/GitClient.ts": {"lines":{"total":13,"covered":8,"skipped":0,"pct":61.53},"functions":{"total":1,"covered":1,"skipped":0,"pct":100},"statements":{"total":13,"covered":8,"skipped":0,"pct":61.53},"branches":{"total":0,"covered":0,"skipped":0,"pct":100}}
,"/home/jake/work/personal/merge-queue/src/main.ts": {"lines":{"total":4,"covered":3,"skipped":0,"pct":75},"functions":{"total":1,"covered":1,"skipped":0,"pct":100},"statements":{"total":5,"covered":3,"skipped":0,"pct":60},"branches":{"total":1,"covered":0,"skipped":0,"pct":0}}
,"/home/jake/work/personal/merge-queue/src/wait.ts": {"lines":{"total":3,"covered":3,"skipped":0,"pct":100},"functions":{"total":3,"covered":3,"skipped":0,"pct":100},"statements":{"total":5,"covered":5,"skipped":0,"pct":100},"branches":{"total":1,"covered":1,"skipped":0,"pct":100}}
}
