TN:
SF:src/Env.ts
FN:10,(anonymous_0)
FN:11,(anonymous_1)
FN:12,(anonymous_2)
FN:13,(anonymous_3)
FN:15,(anonymous_4)
FNF:5
FNH:0
FNDA:0,(anonymous_0)
FNDA:0,(anonymous_1)
FNDA:0,(anonymous_2)
FNDA:0,(anonymous_3)
FNDA:0,(anonymous_4)
DA:10,0
DA:11,0
DA:12,0
DA:13,0
DA:15,0
DA:16,0
DA:17,0
DA:18,0
DA:21,0
LF:9
LH:0
BRDA:17,0,0,0
BRF:1
BRH:0
end_of_record
TN:
SF:src/GitClient.ts
FN:6,(anonymous_0)
FNF:1
FNH:1
FNDA:2,(anonymous_0)
DA:6,2
DA:7,2
DA:9,2
DA:10,2
DA:11,2
DA:13,2
DA:16,2
DA:17,2
DA:18,0
DA:19,0
DA:20,0
DA:21,0
DA:22,0
LF:13
LH:8
BRF:0
BRH:0
end_of_record
TN:
SF:src/main.ts
FN:9,run
FNF:1
FNH:1
FNDA:2,run
DA:10,2
DA:11,2
DA:12,2
DA:15,0
LF:4
LH:3
BRDA:15,0,0,0
BRF:1
BRH:0
end_of_record
TN:
SF:src/wait.ts
FN:7,wait
FN:8,(anonymous_1)
FN:11,(anonymous_2)
FNF:3
FNH:3
FNDA:2,wait
FNDA:2,(anonymous_1)
FNDA:1,(anonymous_2)
DA:8,2
DA:9,2
DA:11,1
LF:3
LH:3
BRDA:9,0,0,1
BRF:1
BRH:1
end_of_record
